

Microchip Technology PIC LITE Macro Assembler V1.41 build -162212810 
                                                                                               Thu Sep 07 09:56:43 2023

Microchip Technology Omniscient Code Generator v1.41 (Free mode) build 201701250102
     1                           	processor	16F887
     2                           	opt	pw 120
     3                           	opt	lm
     4                           	psect	cinit,global,class=CODE,merge=1,delta=2
     5                           	psect	cstackCOMMON,global,class=COMMON,space=1,delta=1
     6                           	psect	maintext,global,class=CODE,split=1,delta=2
     7                           	dabs	1,0x7E,2
     8  0000                     
     9                           ; Version 1.41
    10                           ; Generated 25/01/2017 GMT
    11                           ; 
    12                           ; Copyright © 2017, Microchip Technology Inc. and its subsidiaries ("Microchip")
    13                           ; All rights reserved.
    14                           ; 
    15                           ; This software is developed by Microchip Technology Inc. and its subsidiaries ("Microch
      +                          ip").
    16                           ; 
    17                           ; Redistribution and use in source and binary forms, with or without modification, are
    18                           ; permitted provided that the following conditions are met:
    19                           ; 
    20                           ;     1. Redistributions of source code must retain the above copyright notice, this lis
      +                          t of
    21                           ;        conditions and the following disclaimer.
    22                           ; 
    23                           ;     2. Redistributions in binary form must reproduce the above copyright notice, this 
      +                          list
    24                           ;        of conditions and the following disclaimer in the documentation and/or other
    25                           ;        materials provided with the distribution.
    26                           ; 
    27                           ;     3. Microchip's name may not be used to endorse or promote products derived from th
      +                          is
    28                           ;        software without specific prior written permission.
    29                           ; 
    30                           ; THIS SOFTWARE IS PROVIDED BY MICROCHIP "AS IS" AND ANY EXPRESS OR IMPLIED WARRANTIES,
    31                           ; INCLUDING, BUT NOT LIMITED TO, THE IMPLIED WARRANTIES OF MERCHANTABILITY AND FITNESS F
      +                          OR
    32                           ; PURPOSE ARE DISCLAIMED.  IN NO EVENT SHALL MICROCHIP BE LIABLE FOR ANY DIRECT, INDIREC
      +                          T,
    33                           ; INCIDENTAL, SPECIAL, EXEMPLARY, OR CONSEQUENTIAL DAMAGES (INCLUDING BUT NOT LIMITED TO
    34                           ; PROCUREMENT OF SUBSTITUTE GOODS OR SERVICES; LOSS OF USE, DATA OR PROFITS; OR BUSINESS
    35                           ; INTERRUPTION) HOWSOEVER CAUSED AND ON ANY THEORY OF LIABILITY, WHETHER IN CONTRACT, ST
      +                          RICT
    36                           ; LIABILITY, OR TORT (INCLUDING NEGLIGENCE OR OTHERWISE) ARISING IN ANY WAY OUT OF THE U
      +                          SE OF
    37                           ; THIS SOFTWARE, EVEN IF ADVISED OF THE POSSIBILITY OF SUCH DAMAGE.
    38                           ; 
    39                           ; 
    40                           ; Code-generator required, PIC16F887 Definitions
    41                           ; 
    42                           ; SFR Addresses
    43  0000                     	;# 
    44  0001                     	;# 
    45  0002                     	;# 
    46  0003                     	;# 
    47  0004                     	;# 
    48  0005                     	;# 
    49  0006                     	;# 
    50  0007                     	;# 
    51  0008                     	;# 
    52  0009                     	;# 
    53  000A                     	;# 
    54  000B                     	;# 
    55  000C                     	;# 
    56  000D                     	;# 
    57  000E                     	;# 
    58  000E                     	;# 
    59  000F                     	;# 
    60  0010                     	;# 
    61  0011                     	;# 
    62  0012                     	;# 
    63  0013                     	;# 
    64  0014                     	;# 
    65  0015                     	;# 
    66  0015                     	;# 
    67  0016                     	;# 
    68  0017                     	;# 
    69  0018                     	;# 
    70  0019                     	;# 
    71  001A                     	;# 
    72  001B                     	;# 
    73  001B                     	;# 
    74  001C                     	;# 
    75  001D                     	;# 
    76  001E                     	;# 
    77  001F                     	;# 
    78  0081                     	;# 
    79  0085                     	;# 
    80  0086                     	;# 
    81  0087                     	;# 
    82  0088                     	;# 
    83  0089                     	;# 
    84  008C                     	;# 
    85  008D                     	;# 
    86  008E                     	;# 
    87  008F                     	;# 
    88  0090                     	;# 
    89  0091                     	;# 
    90  0092                     	;# 
    91  0093                     	;# 
    92  0093                     	;# 
    93  0093                     	;# 
    94  0094                     	;# 
    95  0095                     	;# 
    96  0096                     	;# 
    97  0097                     	;# 
    98  0098                     	;# 
    99  0099                     	;# 
   100  009A                     	;# 
   101  009B                     	;# 
   102  009C                     	;# 
   103  009D                     	;# 
   104  009E                     	;# 
   105  009F                     	;# 
   106  0105                     	;# 
   107  0107                     	;# 
   108  0108                     	;# 
   109  0109                     	;# 
   110  010C                     	;# 
   111  010C                     	;# 
   112  010D                     	;# 
   113  010E                     	;# 
   114  010F                     	;# 
   115  0185                     	;# 
   116  0187                     	;# 
   117  0188                     	;# 
   118  0189                     	;# 
   119  018C                     	;# 
   120  018D                     	;# 
   121  0006                     _PORTB	set	6
   122  0032                     _RB2	set	50
   123  0033                     _RB3	set	51
   124  0086                     _TRISB	set	134
   125                           
   126                           	psect	cinit
   127  07FC                     start_initialization:	
   128                           ; #config settings
   129                           
   130  07FC                     __initialization:	
   131  07FC                     end_of_initialization:	
   132                           ;End of C runtime variable initialization code
   133                           
   134  07FC                     __end_of__initialization:	
   135  07FC  0183               	clrf	3
   136  07FD  120A  118A  2FD3   	ljmp	_main	;jump to C main() function
   137                           
   138                           	psect	cstackCOMMON
   139  0070                     __pcstackCOMMON:	
   140  0070                     ?_main:	
   141  0070                     ??_main:	
   142                           ; 1 bytes @ 0x0
   143                           
   144                           
   145                           ; 1 bytes @ 0x0
   146  0070                     	ds	3
   147                           
   148                           	psect	maintext
   149  07D3                     __pmaintext:	
   150 ;;
   151 ;;Main: autosize = 0, tempsize = 3, incstack = 0, save=0
   152 ;;
   153 ;; *************** function _main *****************
   154 ;; Defined at:
   155 ;;		line 3 in file "altledd.c"
   156 ;; Parameters:    Size  Location     Type
   157 ;;		None
   158 ;; Auto vars:     Size  Location     Type
   159 ;;		None
   160 ;; Return value:  Size  Location     Type
   161 ;;                  1    wreg      void 
   162 ;; Registers used:
   163 ;;		wreg, status,2
   164 ;; Tracked objects:
   165 ;;		On entry : B00/0
   166 ;;		On exit  : 0/0
   167 ;;		Unchanged: 0/0
   168 ;; Data sizes:     COMMON   BANK0   BANK1   BANK3   BANK2
   169 ;;      Params:         0       0       0       0       0
   170 ;;      Locals:         0       0       0       0       0
   171 ;;      Temps:          3       0       0       0       0
   172 ;;      Totals:         3       0       0       0       0
   173 ;;Total ram usage:        3 bytes
   174 ;; This function calls:
   175 ;;		Nothing
   176 ;; This function is called by:
   177 ;;		Startup code after reset
   178 ;; This function uses a non-reentrant model
   179 ;;
   180                           
   181                           
   182                           ;psect for function _main
   183  07D3                     _main:	
   184                           
   185                           ;altledd.c: 5: TRISB=0X00;
   186                           
   187                           ;incstack = 0
   188                           ; Regs used in _main: [wreg+status,2]
   189  07D3  1683               	bsf	3,5	;RP0=1, select bank1
   190  07D4  1303               	bcf	3,6	;RP1=0, select bank1
   191  07D5  0186               	clrf	6	;volatile
   192                           
   193                           ;altledd.c: 6: PORTB=0X00;
   194  07D6  1283               	bcf	3,5	;RP0=0, select bank0
   195  07D7  1303               	bcf	3,6	;RP1=0, select bank0
   196  07D8  0186               	clrf	6	;volatile
   197  07D9                     l478:	
   198                           ;altledd.c: 7: while(1)
   199                           
   200                           
   201                           ;altledd.c: 8: {
   202                           ;altledd.c: 9: RB3=1;
   203  07D9  1283               	bcf	3,5	;RP0=0, select bank0
   204  07DA  1303               	bcf	3,6	;RP1=0, select bank0
   205  07DB  1586               	bsf	6,3	;volatile
   206                           
   207                           ;altledd.c: 10: RB2=0;
   208  07DC  1106               	bcf	6,2	;volatile
   209                           
   210                           ;altledd.c: 11: _delay((unsigned long)((1000)*(20000000/4000.0)));
   211  07DD  301A               	movlw	26
   212  07DE  00F2               	movwf	??_main+2
   213  07DF  305E               	movlw	94
   214  07E0  00F1               	movwf	??_main+1
   215  07E1  306E               	movlw	110
   216  07E2  00F0               	movwf	??_main
   217  07E3                     u17:	
   218  07E3  0BF0               	decfsz	??_main,f
   219  07E4  2FE3               	goto	u17
   220  07E5  0BF1               	decfsz	??_main+1,f
   221  07E6  2FE3               	goto	u17
   222  07E7  0BF2               	decfsz	??_main+2,f
   223  07E8  2FE3               	goto	u17
   224  07E9  0000               	nop
   225                           
   226                           ;altledd.c: 13: RB3=0;
   227  07EA  1283               	bcf	3,5	;RP0=0, select bank0
   228  07EB  1303               	bcf	3,6	;RP1=0, select bank0
   229  07EC  1186               	bcf	6,3	;volatile
   230                           
   231                           ;altledd.c: 14: RB2=1;
   232  07ED  1506               	bsf	6,2	;volatile
   233                           
   234                           ;altledd.c: 16: _delay((unsigned long)((1000)*(20000000/4000.0)));
   235  07EE  301A               	movlw	26
   236  07EF  00F2               	movwf	??_main+2
   237  07F0  305E               	movlw	94
   238  07F1  00F1               	movwf	??_main+1
   239  07F2  306E               	movlw	110
   240  07F3  00F0               	movwf	??_main
   241  07F4                     u27:	
   242  07F4  0BF0               	decfsz	??_main,f
   243  07F5  2FF4               	goto	u27
   244  07F6  0BF1               	decfsz	??_main+1,f
   245  07F7  2FF4               	goto	u27
   246  07F8  0BF2               	decfsz	??_main+2,f
   247  07F9  2FF4               	goto	u27
   248  07FA  0000               	nop
   249  07FB  2FD9               	goto	l478
   250  07FC                     __end_of_main:	
   251  007E                     btemp	set	126	;btemp
   252  007E                     wtemp0	set	126


Data Sizes:
    Strings     0
    Constant    0
    Data        0
    BSS         0
    Persistent  0
    Stack       0

Auto Spaces:
    Space          Size  Autos    Used
    COMMON           14      3       3
    BANK0            80      0       0
    BANK1            80      0       0
    BANK3            96      0       0
    BANK2            96      0       0

Pointer List with Targets:

    None.

Critical Paths under _main in COMMON

    None.

Critical Paths under _main in BANK0

    None.

Critical Paths under _main in BANK1

    None.

Critical Paths under _main in BANK3

    None.

Critical Paths under _main in BANK2

    None.

Call Graph Tables:

 ---------------------------------------------------------------------------------
 (Depth) Function   	        Calls       Base Space   Used Autos Params    Refs
 ---------------------------------------------------------------------------------
 (0) _main                                                 3     3      0       0
                                              0 COMMON     3     3      0
 ---------------------------------------------------------------------------------
 Estimated maximum stack depth 0
 ---------------------------------------------------------------------------------

 Call Graph Graphs:

 _main (ROOT)

 Address spaces:
Name               Size   Autos  Total    Cost      Usage
BITCOMMON            E      0       0       0        0.0%
EEDATA             100      0       0       0        0.0%
NULL                 0      0       0       0        0.0%
CODE                 0      0       0       0        0.0%
COMMON               E      3       3       1       21.4%
BITSFR0              0      0       0       1        0.0%
SFR0                 0      0       0       1        0.0%
BITSFR1              0      0       0       2        0.0%
SFR1                 0      0       0       2        0.0%
STACK                0      0       0       2        0.0%
ABS                  0      0       0       3        0.0%
BITBANK0            50      0       0       4        0.0%
BITSFR3              0      0       0       4        0.0%
SFR3                 0      0       0       4        0.0%
BANK0               50      0       0       5        0.0%
BITSFR2              0      0       0       5        0.0%
SFR2                 0      0       0       5        0.0%
BITBANK1            50      0       0       6        0.0%
BANK1               50      0       0       7        0.0%
BITBANK3            60      0       0       8        0.0%
BANK3               60      0       0       9        0.0%
BITBANK2            60      0       0      10        0.0%
BANK2               60      0       0      11        0.0%
DATA                 0      0       0      12        0.0%


Microchip Technology PIC Macro Assembler V1.41 build -162212810 
Symbol Table                                                                                   Thu Sep 07 09:56:43 2023

                     u17 07E3                       u27 07F4                      l478 07D9  
                    _RB2 0032                      _RB3 0033                     _main 07D3  
                   btemp 007E                     start 0000                    ?_main 0070  
                  _PORTB 0006                    _TRISB 0086                    status 0003  
                  wtemp0 007E          __initialization 07FC             __end_of_main 07FC  
                 ??_main 0070  __end_of__initialization 07FC           __pcstackCOMMON 0070  
             __pmaintext 07D3     end_of_initialization 07FC      start_initialization 07FC  
              ___latbits 0002            __size_of_main 0029  
