

Microchip Technology PIC LITE Macro Assembler V1.41 build -162212810 
                                                                                               Mon Oct 09 12:32:59 2023

Microchip Technology Omniscient Code Generator v1.41 (Free mode) build 201701250102
     1                           	processor	16F887
     2                           	opt	pw 120
     3                           	opt	lm
     4                           	psect	cinit,global,class=CODE,merge=1,delta=2
     5                           	psect	cstackCOMMON,global,class=COMMON,space=1,delta=1
     6                           	psect	maintext,global,class=CODE,split=1,delta=2
     7                           	psect	text1,local,class=CODE,merge=1,delta=2
     8                           	dabs	1,0x7E,2
     9  0000                     
    10                           ; Version 1.41
    11                           ; Generated 25/01/2017 GMT
    12                           ; 
    13                           ; Copyright © 2017, Microchip Technology Inc. and its subsidiaries ("Microchip")
    14                           ; All rights reserved.
    15                           ; 
    16                           ; This software is developed by Microchip Technology Inc. and its subsidiaries ("Microch
      +                          ip").
    17                           ; 
    18                           ; Redistribution and use in source and binary forms, with or without modification, are
    19                           ; permitted provided that the following conditions are met:
    20                           ; 
    21                           ;     1. Redistributions of source code must retain the above copyright notice, this lis
      +                          t of
    22                           ;        conditions and the following disclaimer.
    23                           ; 
    24                           ;     2. Redistributions in binary form must reproduce the above copyright notice, this 
      +                          list
    25                           ;        of conditions and the following disclaimer in the documentation and/or other
    26                           ;        materials provided with the distribution.
    27                           ; 
    28                           ;     3. Microchip's name may not be used to endorse or promote products derived from th
      +                          is
    29                           ;        software without specific prior written permission.
    30                           ; 
    31                           ; THIS SOFTWARE IS PROVIDED BY MICROCHIP "AS IS" AND ANY EXPRESS OR IMPLIED WARRANTIES,
    32                           ; INCLUDING, BUT NOT LIMITED TO, THE IMPLIED WARRANTIES OF MERCHANTABILITY AND FITNESS F
      +                          OR
    33                           ; PURPOSE ARE DISCLAIMED.  IN NO EVENT SHALL MICROCHIP BE LIABLE FOR ANY DIRECT, INDIREC
      +                          T,
    34                           ; INCIDENTAL, SPECIAL, EXEMPLARY, OR CONSEQUENTIAL DAMAGES (INCLUDING BUT NOT LIMITED TO
    35                           ; PROCUREMENT OF SUBSTITUTE GOODS OR SERVICES; LOSS OF USE, DATA OR PROFITS; OR BUSINESS
    36                           ; INTERRUPTION) HOWSOEVER CAUSED AND ON ANY THEORY OF LIABILITY, WHETHER IN CONTRACT, ST
      +                          RICT
    37                           ; LIABILITY, OR TORT (INCLUDING NEGLIGENCE OR OTHERWISE) ARISING IN ANY WAY OUT OF THE U
      +                          SE OF
    38                           ; THIS SOFTWARE, EVEN IF ADVISED OF THE POSSIBILITY OF SUCH DAMAGE.
    39                           ; 
    40                           ; 
    41                           ; Code-generator required, PIC16F887 Definitions
    42                           ; 
    43                           ; SFR Addresses
    44  0000                     	;# 
    45  0001                     	;# 
    46  0002                     	;# 
    47  0003                     	;# 
    48  0004                     	;# 
    49  0005                     	;# 
    50  0006                     	;# 
    51  0007                     	;# 
    52  0008                     	;# 
    53  0009                     	;# 
    54  000A                     	;# 
    55  000B                     	;# 
    56  000C                     	;# 
    57  000D                     	;# 
    58  000E                     	;# 
    59  000E                     	;# 
    60  000F                     	;# 
    61  0010                     	;# 
    62  0011                     	;# 
    63  0012                     	;# 
    64  0013                     	;# 
    65  0014                     	;# 
    66  0015                     	;# 
    67  0015                     	;# 
    68  0016                     	;# 
    69  0017                     	;# 
    70  0018                     	;# 
    71  0019                     	;# 
    72  001A                     	;# 
    73  001B                     	;# 
    74  001B                     	;# 
    75  001C                     	;# 
    76  001D                     	;# 
    77  001E                     	;# 
    78  001F                     	;# 
    79  0081                     	;# 
    80  0085                     	;# 
    81  0086                     	;# 
    82  0087                     	;# 
    83  0088                     	;# 
    84  0089                     	;# 
    85  008C                     	;# 
    86  008D                     	;# 
    87  008E                     	;# 
    88  008F                     	;# 
    89  0090                     	;# 
    90  0091                     	;# 
    91  0092                     	;# 
    92  0093                     	;# 
    93  0093                     	;# 
    94  0093                     	;# 
    95  0094                     	;# 
    96  0095                     	;# 
    97  0096                     	;# 
    98  0097                     	;# 
    99  0098                     	;# 
   100  0099                     	;# 
   101  009A                     	;# 
   102  009B                     	;# 
   103  009C                     	;# 
   104  009D                     	;# 
   105  009E                     	;# 
   106  009F                     	;# 
   107  0105                     	;# 
   108  0107                     	;# 
   109  0108                     	;# 
   110  0109                     	;# 
   111  010C                     	;# 
   112  010C                     	;# 
   113  010D                     	;# 
   114  010E                     	;# 
   115  010F                     	;# 
   116  0185                     	;# 
   117  0187                     	;# 
   118  0188                     	;# 
   119  0189                     	;# 
   120  018C                     	;# 
   121  018D                     	;# 
   122  0006                     _PORTBbits	set	6
   123  0086                     _TRISBbits	set	134
   124                           
   125                           	psect	cinit
   126  07FC                     start_initialization:	
   127                           ; #config settings
   128                           
   129  07FC                     __initialization:	
   130  07FC                     end_of_initialization:	
   131                           ;End of C runtime variable initialization code
   132                           
   133  07FC                     __end_of__initialization:	
   134  07FC  0183               	clrf	3
   135  07FD  120A  118A  2FC9   	ljmp	_main	;jump to C main() function
   136                           
   137                           	psect	cstackCOMMON
   138  0070                     __pcstackCOMMON:	
   139  0070                     ?_system_init:	
   140  0070                     ??_system_init:	
   141                           ; 1 bytes @ 0x0
   142                           
   143  0070                     ?_main:	
   144                           ; 1 bytes @ 0x0
   145                           
   146  0070                     ??_main:	
   147                           ; 1 bytes @ 0x0
   148                           
   149                           
   150                           ; 1 bytes @ 0x0
   151  0070                     	ds	3
   152                           
   153                           	psect	maintext
   154  07C9                     __pmaintext:	
   155 ;;
   156 ;;Main: autosize = 0, tempsize = 3, incstack = 0, save=0
   157 ;;
   158 ;; *************** function _main *****************
   159 ;; Defined at:
   160 ;;		line 27 in file "relay.c"
   161 ;; Parameters:    Size  Location     Type
   162 ;;		None
   163 ;; Auto vars:     Size  Location     Type
   164 ;;		None
   165 ;; Return value:  Size  Location     Type
   166 ;;                  1    wreg      void 
   167 ;; Registers used:
   168 ;;		wreg, status,2, status,0, pclath, cstack
   169 ;; Tracked objects:
   170 ;;		On entry : B00/0
   171 ;;		On exit  : 0/0
   172 ;;		Unchanged: 0/0
   173 ;; Data sizes:     COMMON   BANK0   BANK1   BANK3   BANK2
   174 ;;      Params:         0       0       0       0       0
   175 ;;      Locals:         0       0       0       0       0
   176 ;;      Temps:          3       0       0       0       0
   177 ;;      Totals:         3       0       0       0       0
   178 ;;Total ram usage:        3 bytes
   179 ;; Hardware stack levels required when called:    1
   180 ;; This function calls:
   181 ;;		_system_init
   182 ;; This function is called by:
   183 ;;		Startup code after reset
   184 ;; This function uses a non-reentrant model
   185 ;;
   186                           
   187                           
   188                           ;psect for function _main
   189  07C9                     _main:	
   190                           
   191                           ;relay.c: 29: system_init();
   192                           
   193                           ;incstack = 0
   194                           ; Regs used in _main: [wreg+status,2+status,0+pclath+cstack]
   195  07C9  120A  118A  27BF  120A  118A  	fcall	_system_init
   196  07CE                     l487:	
   197                           ;relay.c: 31: while(1){
   198                           
   199                           
   200                           ;relay.c: 33: if(PORTBbits.RB0 == 1){
   201  07CE  1283               	bcf	3,5	;RP0=0, select bank0
   202  07CF  1303               	bcf	3,6	;RP1=0, select bank0
   203  07D0  1C06               	btfss	6,0	;volatile
   204  07D1  2FCE               	goto	l487
   205                           
   206                           ;relay.c: 35: _delay((unsigned long)((50)*(200000000/4000.0)));
   207  07D2  300D               	movlw	13
   208  07D3  00F2               	movwf	??_main+2
   209  07D4  30AF               	movlw	175
   210  07D5  00F1               	movwf	??_main+1
   211  07D6  30B6               	movlw	182
   212  07D7  00F0               	movwf	??_main
   213  07D8                     u77:	
   214  07D8  0BF0               	decfsz	??_main,f
   215  07D9  2FD8               	goto	u77
   216  07DA  0BF1               	decfsz	??_main+1,f
   217  07DB  2FD8               	goto	u77
   218  07DC  0BF2               	decfsz	??_main+2,f
   219  07DD  2FD8               	goto	u77
   220  07DE  0000               	nop
   221                           
   222                           ;relay.c: 37: if (PORTBbits.RB0 == 1){
   223  07DF  1283               	bcf	3,5	;RP0=0, select bank0
   224  07E0  1303               	bcf	3,6	;RP1=0, select bank0
   225  07E1  1C06               	btfss	6,0	;volatile
   226  07E2  2FCE               	goto	l487
   227                           
   228                           ;relay.c: 39: PORTBbits.RB2 = !PORTBbits.RB2;
   229  07E3  1003               	clrc
   230  07E4  1D06               	btfss	6,2	;volatile
   231  07E5  1403               	setc
   232  07E6  1C03               	btfss	3,0
   233  07E7  2FEC               	goto	u30
   234  07E8  1283               	bcf	3,5	;RP0=0, select bank0
   235  07E9  1303               	bcf	3,6	;RP1=0, select bank0
   236  07EA  1506               	bsf	6,2	;volatile
   237  07EB  2FEF               	goto	u44
   238  07EC                     u30:	
   239  07EC  1283               	bcf	3,5	;RP0=0, select bank0
   240  07ED  1303               	bcf	3,6	;RP1=0, select bank0
   241  07EE  1106               	bcf	6,2	;volatile
   242  07EF                     u44:	
   243                           
   244                           ;relay.c: 41: PORTBbits.RB1 = !PORTBbits.RB1;
   245  07EF  1003               	clrc
   246  07F0  1C86               	btfss	6,1	;volatile
   247  07F1  1403               	setc
   248  07F2  1C03               	btfss	3,0
   249  07F3  2FF8               	goto	u50
   250  07F4  1283               	bcf	3,5	;RP0=0, select bank0
   251  07F5  1303               	bcf	3,6	;RP1=0, select bank0
   252  07F6  1486               	bsf	6,1	;volatile
   253  07F7  2FCE               	goto	l487
   254  07F8                     u50:	
   255  07F8  1283               	bcf	3,5	;RP0=0, select bank0
   256  07F9  1303               	bcf	3,6	;RP1=0, select bank0
   257  07FA  1086               	bcf	6,1	;volatile
   258  07FB  2FCE               	goto	l487
   259  07FC                     __end_of_main:	
   260                           ;relay.c: 43: }
   261                           ;relay.c: 45: }
   262                           ;relay.c: 47: }
   263                           ;relay.c: 49: return;
   264                           
   265                           
   266                           	psect	text1
   267  07BF                     __ptext1:	
   268 ;; *************** function _system_init *****************
   269 ;; Defined at:
   270 ;;		line 62 in file "relay.c"
   271 ;; Parameters:    Size  Location     Type
   272 ;;		None
   273 ;; Auto vars:     Size  Location     Type
   274 ;;		None
   275 ;; Return value:  Size  Location     Type
   276 ;;                  1    wreg      void 
   277 ;; Registers used:
   278 ;;		None
   279 ;; Tracked objects:
   280 ;;		On entry : 0/0
   281 ;;		On exit  : 0/0
   282 ;;		Unchanged: 0/0
   283 ;; Data sizes:     COMMON   BANK0   BANK1   BANK3   BANK2
   284 ;;      Params:         0       0       0       0       0
   285 ;;      Locals:         0       0       0       0       0
   286 ;;      Temps:          0       0       0       0       0
   287 ;;      Totals:         0       0       0       0       0
   288 ;;Total ram usage:        0 bytes
   289 ;; Hardware stack levels used:    1
   290 ;; This function calls:
   291 ;;		Nothing
   292 ;; This function is called by:
   293 ;;		_main
   294 ;; This function uses a non-reentrant model
   295 ;;
   296                           
   297                           
   298                           ;psect for function _system_init
   299  07BF                     _system_init:	
   300                           
   301                           ;relay.c: 64: TRISBbits.TRISB0 = 1;
   302                           
   303                           ;incstack = 0
   304                           ; Regs used in _system_init: []
   305  07BF  1683               	bsf	3,5	;RP0=1, select bank1
   306  07C0  1303               	bcf	3,6	;RP1=0, select bank1
   307  07C1  1406               	bsf	6,0	;volatile
   308                           
   309                           ;relay.c: 66: TRISBbits.TRISB1 = 0;
   310  07C2  1086               	bcf	6,1	;volatile
   311                           
   312                           ;relay.c: 68: TRISBbits.TRISB2 = 0;
   313  07C3  1106               	bcf	6,2	;volatile
   314                           
   315                           ;relay.c: 70: PORTBbits.RB2 = 0;
   316  07C4  1283               	bcf	3,5	;RP0=0, select bank0
   317  07C5  1303               	bcf	3,6	;RP1=0, select bank0
   318  07C6  1106               	bcf	6,2	;volatile
   319                           
   320                           ;relay.c: 72: PORTBbits.RB1 = 0;
   321  07C7  1086               	bcf	6,1	;volatile
   322  07C8  0008               	return
   323  07C9                     __end_of_system_init:	
   324  007E                     btemp	set	126	;btemp
   325  007E                     wtemp0	set	126


Data Sizes:
    Strings     0
    Constant    0
    Data        0
    BSS         0
    Persistent  0
    Stack       0

Auto Spaces:
    Space          Size  Autos    Used
    COMMON           14      3       3
    BANK0            80      0       0
    BANK1            80      0       0
    BANK3            96      0       0
    BANK2            96      0       0

Pointer List with Targets:

    None.

Critical Paths under _main in COMMON

    None.

Critical Paths under _main in BANK0

    None.

Critical Paths under _main in BANK1

    None.

Critical Paths under _main in BANK3

    None.

Critical Paths under _main in BANK2

    None.

Call Graph Tables:

 ---------------------------------------------------------------------------------
 (Depth) Function   	        Calls       Base Space   Used Autos Params    Refs
 ---------------------------------------------------------------------------------
 (0) _main                                                 3     3      0       0
                                              0 COMMON     3     3      0
                        _system_init
 ---------------------------------------------------------------------------------
 (1) _system_init                                          0     0      0       0
 ---------------------------------------------------------------------------------
 Estimated maximum stack depth 1
 ---------------------------------------------------------------------------------

 Call Graph Graphs:

 _main (ROOT)
   _system_init

 Address spaces:
Name               Size   Autos  Total    Cost      Usage
BITCOMMON            E      0       0       0        0.0%
EEDATA             100      0       0       0        0.0%
NULL                 0      0       0       0        0.0%
CODE                 0      0       0       0        0.0%
COMMON               E      3       3       1       21.4%
BITSFR0              0      0       0       1        0.0%
SFR0                 0      0       0       1        0.0%
BITSFR1              0      0       0       2        0.0%
SFR1                 0      0       0       2        0.0%
STACK                0      0       0       2        0.0%
ABS                  0      0       0       3        0.0%
BITBANK0            50      0       0       4        0.0%
BITSFR3              0      0       0       4        0.0%
SFR3                 0      0       0       4        0.0%
BANK0               50      0       0       5        0.0%
BITSFR2              0      0       0       5        0.0%
SFR2                 0      0       0       5        0.0%
BITBANK1            50      0       0       6        0.0%
BANK1               50      0       0       7        0.0%
BITBANK3            60      0       0       8        0.0%
BANK3               60      0       0       9        0.0%
BITBANK2            60      0       0      10        0.0%
BANK2               60      0       0      11        0.0%
DATA                 0      0       0      12        0.0%


Microchip Technology PIC Macro Assembler V1.41 build -162212810 
Symbol Table                                                                                   Mon Oct 09 12:32:59 2023

                     u30 07EC                       u50 07F8                       u44 07EF  
                     u77 07D8      __end_of_system_init 07C9                      l487 07CE  
                   _main 07C9                     btemp 007E                     start 0000  
                  ?_main 0070                    status 0003                    wtemp0 007E  
        __initialization 07FC              _system_init 07BF             __end_of_main 07FC  
                 ??_main 0070  __end_of__initialization 07FC           __pcstackCOMMON 0070  
             __pmaintext 07C9             ?_system_init 0070                  __ptext1 07BF  
   end_of_initialization 07FC                _PORTBbits 0006                _TRISBbits 0086  
    start_initialization 07FC     __size_of_system_init 000A                ___latbits 0002  
          __size_of_main 0033            ??_system_init 0070  
