

Microchip Technology PIC LITE Macro Assembler V1.41 build -162212810 
                                                                                               Thu Sep 07 15:25:29 2023

Microchip Technology Omniscient Code Generator v1.41 (Free mode) build 201701250102
     1                           	processor	16F877A
     2                           	opt	pw 120
     3                           	opt	lm
     4                           	psect	cinit,global,class=CODE,merge=1,delta=2
     5                           	psect	cstackCOMMON,global,class=COMMON,space=1,delta=1
     6                           	psect	maintext,global,class=CODE,split=1,delta=2
     7                           	dabs	1,0x7E,2
     8  0000                     
     9                           ; Version 1.41
    10                           ; Generated 25/01/2017 GMT
    11                           ; 
    12                           ; Copyright © 2017, Microchip Technology Inc. and its subsidiaries ("Microchip")
    13                           ; All rights reserved.
    14                           ; 
    15                           ; This software is developed by Microchip Technology Inc. and its subsidiaries ("Microch
      +                          ip").
    16                           ; 
    17                           ; Redistribution and use in source and binary forms, with or without modification, are
    18                           ; permitted provided that the following conditions are met:
    19                           ; 
    20                           ;     1. Redistributions of source code must retain the above copyright notice, this lis
      +                          t of
    21                           ;        conditions and the following disclaimer.
    22                           ; 
    23                           ;     2. Redistributions in binary form must reproduce the above copyright notice, this 
      +                          list
    24                           ;        of conditions and the following disclaimer in the documentation and/or other
    25                           ;        materials provided with the distribution.
    26                           ; 
    27                           ;     3. Microchip's name may not be used to endorse or promote products derived from th
      +                          is
    28                           ;        software without specific prior written permission.
    29                           ; 
    30                           ; THIS SOFTWARE IS PROVIDED BY MICROCHIP "AS IS" AND ANY EXPRESS OR IMPLIED WARRANTIES,
    31                           ; INCLUDING, BUT NOT LIMITED TO, THE IMPLIED WARRANTIES OF MERCHANTABILITY AND FITNESS F
      +                          OR
    32                           ; PURPOSE ARE DISCLAIMED.  IN NO EVENT SHALL MICROCHIP BE LIABLE FOR ANY DIRECT, INDIREC
      +                          T,
    33                           ; INCIDENTAL, SPECIAL, EXEMPLARY, OR CONSEQUENTIAL DAMAGES (INCLUDING BUT NOT LIMITED TO
    34                           ; PROCUREMENT OF SUBSTITUTE GOODS OR SERVICES; LOSS OF USE, DATA OR PROFITS; OR BUSINESS
    35                           ; INTERRUPTION) HOWSOEVER CAUSED AND ON ANY THEORY OF LIABILITY, WHETHER IN CONTRACT, ST
      +                          RICT
    36                           ; LIABILITY, OR TORT (INCLUDING NEGLIGENCE OR OTHERWISE) ARISING IN ANY WAY OUT OF THE U
      +                          SE OF
    37                           ; THIS SOFTWARE, EVEN IF ADVISED OF THE POSSIBILITY OF SUCH DAMAGE.
    38                           ; 
    39                           ; 
    40                           ; Code-generator required, PIC16F877A Definitions
    41                           ; 
    42                           ; SFR Addresses
    43  0000                     	;# 
    44  0001                     	;# 
    45  0002                     	;# 
    46  0003                     	;# 
    47  0004                     	;# 
    48  0005                     	;# 
    49  0006                     	;# 
    50  0007                     	;# 
    51  0008                     	;# 
    52  0009                     	;# 
    53  000A                     	;# 
    54  000B                     	;# 
    55  000C                     	;# 
    56  000D                     	;# 
    57  000E                     	;# 
    58  000E                     	;# 
    59  000F                     	;# 
    60  0010                     	;# 
    61  0011                     	;# 
    62  0012                     	;# 
    63  0013                     	;# 
    64  0014                     	;# 
    65  0015                     	;# 
    66  0015                     	;# 
    67  0016                     	;# 
    68  0017                     	;# 
    69  0018                     	;# 
    70  0019                     	;# 
    71  001A                     	;# 
    72  001B                     	;# 
    73  001B                     	;# 
    74  001C                     	;# 
    75  001D                     	;# 
    76  001E                     	;# 
    77  001F                     	;# 
    78  0081                     	;# 
    79  0085                     	;# 
    80  0086                     	;# 
    81  0087                     	;# 
    82  0088                     	;# 
    83  0089                     	;# 
    84  008C                     	;# 
    85  008D                     	;# 
    86  008E                     	;# 
    87  0091                     	;# 
    88  0092                     	;# 
    89  0093                     	;# 
    90  0094                     	;# 
    91  0098                     	;# 
    92  0099                     	;# 
    93  009C                     	;# 
    94  009D                     	;# 
    95  009E                     	;# 
    96  009F                     	;# 
    97  010C                     	;# 
    98  010D                     	;# 
    99  010E                     	;# 
   100  010F                     	;# 
   101  018C                     	;# 
   102  018D                     	;# 
   103  0006                     _PORTB	set	6
   104  0032                     _RB2	set	50
   105  0038                     _RC0	set	56
   106  0087                     _TRISC	set	135
   107  0086                     _TRISB	set	134
   108                           
   109                           	psect	cinit
   110  07FC                     start_initialization:	
   111                           ; #config settings
   112                           
   113  07FC                     __initialization:	
   114  07FC                     end_of_initialization:	
   115                           ;End of C runtime variable initialization code
   116                           
   117  07FC                     __end_of__initialization:	
   118  07FC  0183               	clrf	3
   119  07FD  120A  118A  2FDF   	ljmp	_main	;jump to C main() function
   120                           
   121                           	psect	cstackCOMMON
   122  0070                     __pcstackCOMMON:	
   123  0070                     ?_main:	
   124  0070                     ??_main:	
   125                           ; 1 bytes @ 0x0
   126                           
   127                           
   128                           ; 1 bytes @ 0x0
   129  0070                     	ds	3
   130                           
   131                           	psect	maintext
   132  07DF                     __pmaintext:	
   133 ;;
   134 ;;Main: autosize = 0, tempsize = 3, incstack = 0, save=0
   135 ;;
   136 ;; *************** function _main *****************
   137 ;; Defined at:
   138 ;;		line 11 in file "irsensor.c"
   139 ;; Parameters:    Size  Location     Type
   140 ;;		None
   141 ;; Auto vars:     Size  Location     Type
   142 ;;		None
   143 ;; Return value:  Size  Location     Type
   144 ;;                  1    wreg      void 
   145 ;; Registers used:
   146 ;;		wreg, status,2
   147 ;; Tracked objects:
   148 ;;		On entry : B00/0
   149 ;;		On exit  : 0/0
   150 ;;		Unchanged: 0/0
   151 ;; Data sizes:     COMMON   BANK0   BANK1   BANK3   BANK2
   152 ;;      Params:         0       0       0       0       0
   153 ;;      Locals:         0       0       0       0       0
   154 ;;      Temps:          3       0       0       0       0
   155 ;;      Totals:         3       0       0       0       0
   156 ;;Total ram usage:        3 bytes
   157 ;; This function calls:
   158 ;;		Nothing
   159 ;; This function is called by:
   160 ;;		Startup code after reset
   161 ;; This function uses a non-reentrant model
   162 ;;
   163                           
   164                           
   165                           ;psect for function _main
   166  07DF                     _main:	
   167                           
   168                           ;irsensor.c: 14: TRISB=0X00;
   169                           
   170                           ;incstack = 0
   171                           ; Regs used in _main: [wreg+status,2]
   172  07DF  1683               	bsf	3,5	;RP0=1, select bank1
   173  07E0  1303               	bcf	3,6	;RP1=0, select bank1
   174  07E1  0186               	clrf	6	;volatile
   175                           
   176                           ;irsensor.c: 16: TRISC=0Xff;
   177  07E2  30FF               	movlw	255
   178  07E3  0087               	movwf	7	;volatile
   179                           
   180                           ;irsensor.c: 18: PORTB=0X00;
   181  07E4  1283               	bcf	3,5	;RP0=0, select bank0
   182  07E5  1303               	bcf	3,6	;RP1=0, select bank0
   183  07E6  0186               	clrf	6	;volatile
   184  07E7  2FF6               	goto	l486
   185  07E8                     l488:	
   186                           
   187                           ;irsensor.c: 27: RB2=1;
   188  07E8  1506               	bsf	6,2	;volatile
   189                           
   190                           ;irsensor.c: 29: _delay((unsigned long)((1000)*(20000000/4000.0)));
   191  07E9  301A               	movlw	26
   192  07EA  00F2               	movwf	??_main+2
   193  07EB  305E               	movlw	94
   194  07EC  00F1               	movwf	??_main+1
   195  07ED  306E               	movlw	110
   196  07EE  00F0               	movwf	??_main
   197  07EF                     u27:	
   198  07EF  0BF0               	decfsz	??_main,f
   199  07F0  2FEF               	goto	u27
   200  07F1  0BF1               	decfsz	??_main+1,f
   201  07F2  2FEF               	goto	u27
   202  07F3  0BF2               	decfsz	??_main+2,f
   203  07F4  2FEF               	goto	u27
   204  07F5  0000               	nop
   205  07F6                     l486:	
   206                           ;irsensor.c: 21: while(1)
   207                           
   208                           ;irsensor.c: 31: }
   209                           
   210                           
   211                           ;irsensor.c: 23: {
   212                           ;irsensor.c: 25: if(RC0 ==0){
   213  07F6  1283               	bcf	3,5	;RP0=0, select bank0
   214  07F7  1303               	bcf	3,6	;RP1=0, select bank0
   215  07F8  1C07               	btfss	7,0	;volatile
   216  07F9  2FE8               	goto	l488
   217                           
   218                           ;irsensor.c: 33: else{
   219                           ;irsensor.c: 35: RB2=0;
   220  07FA  1106               	bcf	6,2	;volatile
   221  07FB  2FF6               	goto	l486
   222  07FC                     __end_of_main:	
   223  007E                     btemp	set	126	;btemp
   224  007E                     wtemp0	set	126


Data Sizes:
    Strings     0
    Constant    0
    Data        0
    BSS         0
    Persistent  0
    Stack       0

Auto Spaces:
    Space          Size  Autos    Used
    COMMON           14      3       3
    BANK0            80      0       0
    BANK1            80      0       0
    BANK3            96      0       0
    BANK2            96      0       0

Pointer List with Targets:

    None.

Critical Paths under _main in COMMON

    None.

Critical Paths under _main in BANK0

    None.

Critical Paths under _main in BANK1

    None.

Critical Paths under _main in BANK3

    None.

Critical Paths under _main in BANK2

    None.

Call Graph Tables:

 ---------------------------------------------------------------------------------
 (Depth) Function   	        Calls       Base Space   Used Autos Params    Refs
 ---------------------------------------------------------------------------------
 (0) _main                                                 3     3      0       0
                                              0 COMMON     3     3      0
 ---------------------------------------------------------------------------------
 Estimated maximum stack depth 0
 ---------------------------------------------------------------------------------

 Call Graph Graphs:

 _main (ROOT)

 Address spaces:
Name               Size   Autos  Total    Cost      Usage
BITCOMMON            E      0       0       0        0.0%
EEDATA             100      0       0       0        0.0%
NULL                 0      0       0       0        0.0%
CODE                 0      0       0       0        0.0%
COMMON               E      3       3       1       21.4%
BITSFR0              0      0       0       1        0.0%
SFR0                 0      0       0       1        0.0%
BITSFR1              0      0       0       2        0.0%
SFR1                 0      0       0       2        0.0%
STACK                0      0       0       2        0.0%
ABS                  0      0       0       3        0.0%
BITBANK0            50      0       0       4        0.0%
BITSFR3              0      0       0       4        0.0%
SFR3                 0      0       0       4        0.0%
BANK0               50      0       0       5        0.0%
BITSFR2              0      0       0       5        0.0%
SFR2                 0      0       0       5        0.0%
BITBANK1            50      0       0       6        0.0%
BANK1               50      0       0       7        0.0%
BITBANK3            60      0       0       8        0.0%
BANK3               60      0       0       9        0.0%
BITBANK2            60      0       0      10        0.0%
BANK2               60      0       0      11        0.0%
DATA                 0      0       0      12        0.0%


Microchip Technology PIC Macro Assembler V1.41 build -162212810 
Symbol Table                                                                                   Thu Sep 07 15:25:29 2023

                     u27 07EF                      l486 07F6                      l488 07E8  
                    _RC0 0038                      _RB2 0032                     _main 07DF  
                   btemp 007E                     start 0000                    ?_main 0070  
                  _PORTB 0006                    _TRISB 0086                    _TRISC 0087  
                  status 0003                    wtemp0 007E          __initialization 07FC  
           __end_of_main 07FC                   ??_main 0070  __end_of__initialization 07FC  
         __pcstackCOMMON 0070               __pmaintext 07DF     end_of_initialization 07FC  
    start_initialization 07FC                ___latbits 0002            __size_of_main 001D  
